<?xml version="1.0" encoding="UTF-8"?>
<!-- Generated by org.testng.reporters.JUnitXMLReporter -->
<testsuite ignored="0" hostname="DESKTOP-6EBSEMA" failures="1" tests="11" name="Test3" time="29.933" errors="0" timestamp="2024-05-13T20:02:55 EDT">
  <testcase classname="chooseBrowser.ChooseBrowser_launch" name="common" time="2.206"/>
  <testcase classname="chooseBrowser.ChooseBrowser_launch" name="common" time="1.409"/>
  <testcase classname="chooseBrowser.CrossBrowserProgram" name="launch_browser" time="7.203"/>
  <testcase classname="chooseBrowser.ChooseBrowser_launch" name="common" time="1.505"/>
  <testcase classname="chooseBrowser.all_Link" name="all_Links1" time="2.313">
    <failure type="org.openqa.selenium.NoSuchSessionException" message="Session ID is null. Using WebDriver after calling quit()?
Build info: version: &amp;apos;4.20.0&amp;apos;, revision: &amp;apos;866c76ca80&amp;apos;
System info: os.name: &amp;apos;Windows 10&amp;apos;, os.arch: &amp;apos;amd64&amp;apos;, os.version: &amp;apos;10.0&amp;apos;, java.version: &amp;apos;17.0.10&amp;apos;
Driver info: org.openqa.selenium.chrome.ChromeDriver
Command: [null, getElementText {id=f.EE5C9ADB6788CE5B15BCEE481749B72C.d.7F87BB8ECBFE0326995025ADD96EF739.e.38}]
Capabilities {acceptInsecureCerts: false, browserName: chrome, browserVersion: 124.0.6367.207, chrome: {chromedriverVersion: 124.0.6367.207 (a9001a6e39f..., userDataDir: C:\Users\grkri\AppData\Loca...}, fedcm:accounts: true, goog:chromeOptions: {debuggerAddress: localhost:50010}, networkConnectionEnabled: false, pageLoadStrategy: normal, platformName: windows, proxy: Proxy(), se:cdp: ws://localhost:50010/devtoo..., se:cdpVersion: 124.0.6367.207, setWindowRect: true, strictFileInteractability: false, timeouts: {implicit: 0, pageLoad: 300000, script: 30000}, unhandledPromptBehavior: dismiss and notify, webauthn:extension:credBlob: true, webauthn:extension:largeBlob: true, webauthn:extension:minPinLength: true, webauthn:extension:prf: true, webauthn:virtualAuthenticators: true}
Element: [[ChromeDriver: chrome on windows (e83cae851a01ff314689b30ce4aef32d)] -&amp;gt; tag name: a]">
      <![CDATA[org.openqa.selenium.NoSuchSessionException: Session ID is null. Using WebDriver after calling quit()?
Build info: version: '4.20.0', revision: '866c76ca80'
System info: os.name: 'Windows 10', os.arch: 'amd64', os.version: '10.0', java.version: '17.0.10'
Driver info: org.openqa.selenium.chrome.ChromeDriver
Command: [null, getElementText {id=f.EE5C9ADB6788CE5B15BCEE481749B72C.d.7F87BB8ECBFE0326995025ADD96EF739.e.38}]
Capabilities {acceptInsecureCerts: false, browserName: chrome, browserVersion: 124.0.6367.207, chrome: {chromedriverVersion: 124.0.6367.207 (a9001a6e39f..., userDataDir: C:\Users\grkri\AppData\Loca...}, fedcm:accounts: true, goog:chromeOptions: {debuggerAddress: localhost:50010}, networkConnectionEnabled: false, pageLoadStrategy: normal, platformName: windows, proxy: Proxy(), se:cdp: ws://localhost:50010/devtoo..., se:cdpVersion: 124.0.6367.207, setWindowRect: true, strictFileInteractability: false, timeouts: {implicit: 0, pageLoad: 300000, script: 30000}, unhandledPromptBehavior: dismiss and notify, webauthn:extension:credBlob: true, webauthn:extension:largeBlob: true, webauthn:extension:minPinLength: true, webauthn:extension:prf: true, webauthn:virtualAuthenticators: true}
Element: [[ChromeDriver: chrome on windows (e83cae851a01ff314689b30ce4aef32d)] -> tag name: a]
at org.openqa.selenium.remote.HttpCommandExecutor.execute(HttpCommandExecutor.java:151)
at org.openqa.selenium.remote.service.DriverCommandExecutor.invokeExecute(DriverCommandExecutor.java:216)
at org.openqa.selenium.remote.service.DriverCommandExecutor.execute(DriverCommandExecutor.java:174)
at org.openqa.selenium.remote.RemoteWebDriver.execute(RemoteWebDriver.java:518)
at org.openqa.selenium.remote.RemoteWebElement.execute(RemoteWebElement.java:223)
at org.openqa.selenium.remote.RemoteWebElement.getText(RemoteWebElement.java:191)
at chooseBrowser.all_Link.all_Links1(all_Link.java:36)
at java.base/java.util.ArrayList.forEach(ArrayList.java:1511)
... Removed 27 stack frames]]>
    </failure>
  </testcase> <!-- all_Links1 -->
  <testcase classname="chooseBrowser.ChooseBrowser_launch" name="common" time="1.574"/>
  <testcase classname="chooseBrowser.HTML_Page1" name="HTML_Page11" time="1.247"/>
  <testcase classname="chooseBrowser.ChooseBrowser_launch" name="common" time="1.389"/>
  <testcase classname="chooseBrowser.gtm_DragandDrop1" name="gtm_DragandDrop11" time="6.703"/>
  <testcase classname="chooseBrowser.ChooseBrowser_launch" name="common" time="1.321"/>
  <testcase classname="chooseBrowser.gtm_Registration1" name="gtm_Registration11" time="2.906"/>
</testsuite> <!-- Test3 -->
